mode: set
nstu_lab3_3/cmd/main/main.go:3.14,5.2 0 0
nstu_lab3_3/internal/structs/Array.go:18.24,24.2 1 1
nstu_lab3_3/internal/structs/Array.go:26.43,32.2 1 1
nstu_lab3_3/internal/structs/Array.go:34.34,36.22 2 1
nstu_lab3_3/internal/structs/Array.go:36.22,38.3 1 1
nstu_lab3_3/internal/structs/Array.go:40.2,43.26 4 1
nstu_lab3_3/internal/structs/Array.go:46.27,48.2 1 1
nstu_lab3_3/internal/structs/Array.go:50.30,52.2 1 1
nstu_lab3_3/internal/structs/Array.go:54.45,55.26 1 1
nstu_lab3_3/internal/structs/Array.go:55.26,57.3 1 1
nstu_lab3_3/internal/structs/Array.go:58.2,60.13 3 1
nstu_lab3_3/internal/structs/Array.go:63.59,64.20 1 1
nstu_lab3_3/internal/structs/Array.go:64.20,66.3 1 1
nstu_lab3_3/internal/structs/Array.go:68.2,68.26 1 1
nstu_lab3_3/internal/structs/Array.go:68.26,70.3 1 1
nstu_lab3_3/internal/structs/Array.go:72.2,72.34 1 1
nstu_lab3_3/internal/structs/Array.go:72.34,74.3 1 1
nstu_lab3_3/internal/structs/Array.go:76.2,78.13 3 1
nstu_lab3_3/internal/structs/Array.go:81.46,82.34 1 1
nstu_lab3_3/internal/structs/Array.go:82.34,84.3 1 1
nstu_lab3_3/internal/structs/Array.go:85.2,85.22 1 1
nstu_lab3_3/internal/structs/Array.go:88.47,89.34 1 1
nstu_lab3_3/internal/structs/Array.go:89.34,91.3 1 1
nstu_lab3_3/internal/structs/Array.go:93.2,93.36 1 1
nstu_lab3_3/internal/structs/Array.go:93.36,95.3 1 1
nstu_lab3_3/internal/structs/Array.go:96.2,97.13 2 1
nstu_lab3_3/internal/structs/Array.go:100.59,101.34 1 1
nstu_lab3_3/internal/structs/Array.go:101.34,103.3 1 1
nstu_lab3_3/internal/structs/Array.go:104.2,105.13 2 1
nstu_lab3_3/internal/structs/Array.go:108.25,109.30 1 1
nstu_lab3_3/internal/structs/Array.go:109.30,111.23 2 1
nstu_lab3_3/internal/structs/Array.go:111.23,113.4 1 1
nstu_lab3_3/internal/structs/Array.go:115.2,115.15 1 1
nstu_lab3_3/internal/structs/Array.go:119.47,128.2 2 1
nstu_lab3_3/internal/structs/Array.go:131.50,140.51 3 1
nstu_lab3_3/internal/structs/Array.go:140.51,142.3 1 1
nstu_lab3_3/internal/structs/Array.go:144.2,148.12 4 1
nstu_lab3_3/internal/structs/Array.go:152.42,154.16 2 1
nstu_lab3_3/internal/structs/Array.go:154.16,156.3 1 0
nstu_lab3_3/internal/structs/Array.go:157.2,157.27 1 1
nstu_lab3_3/internal/structs/Array.go:161.48,163.2 1 1
nstu_lab3_3/internal/structs/Array.go:166.51,168.16 2 1
nstu_lab3_3/internal/structs/Array.go:168.16,170.3 1 0
nstu_lab3_3/internal/structs/Array.go:171.2,175.26 4 1
nstu_lab3_3/internal/structs/Array.go:179.53,181.16 2 1
nstu_lab3_3/internal/structs/Array.go:181.16,183.3 1 1
nstu_lab3_3/internal/structs/Array.go:184.2,187.26 3 1
nstu_lab3_3/internal/structs/Array.go:191.44,197.70 3 1
nstu_lab3_3/internal/structs/Array.go:197.70,199.3 1 0
nstu_lab3_3/internal/structs/Array.go:202.2,202.30 1 1
nstu_lab3_3/internal/structs/Array.go:202.30,207.73 3 1
nstu_lab3_3/internal/structs/Array.go:207.73,209.4 1 0
nstu_lab3_3/internal/structs/Array.go:212.3,212.48 1 1
nstu_lab3_3/internal/structs/Array.go:212.48,214.4 1 0
nstu_lab3_3/internal/structs/Array.go:217.2,217.25 1 1
nstu_lab3_3/internal/structs/Array.go:221.47,226.69 3 1
nstu_lab3_3/internal/structs/Array.go:226.69,228.3 1 1
nstu_lab3_3/internal/structs/Array.go:231.2,234.21 3 1
nstu_lab3_3/internal/structs/Array.go:234.21,236.3 1 1
nstu_lab3_3/internal/structs/Array.go:237.2,240.30 2 1
nstu_lab3_3/internal/structs/Array.go:240.30,243.72 2 1
nstu_lab3_3/internal/structs/Array.go:243.72,244.21 1 1
nstu_lab3_3/internal/structs/Array.go:244.21,246.5 1 1
nstu_lab3_3/internal/structs/Array.go:247.4,247.89 1 0
nstu_lab3_3/internal/structs/Array.go:251.3,252.55 2 1
nstu_lab3_3/internal/structs/Array.go:252.55,253.51 1 0
nstu_lab3_3/internal/structs/Array.go:253.51,255.5 1 0
nstu_lab3_3/internal/structs/Array.go:256.4,256.91 1 0
nstu_lab3_3/internal/structs/Array.go:259.3,259.31 1 1
nstu_lab3_3/internal/structs/Array.go:262.2,262.12 1 1
nstu_lab3_3/internal/structs/Array.go:265.53,267.16 2 1
nstu_lab3_3/internal/structs/Array.go:267.16,269.3 1 0
nstu_lab3_3/internal/structs/Array.go:270.2,270.43 1 1
nstu_lab3_3/internal/structs/Array.go:274.55,276.16 2 1
nstu_lab3_3/internal/structs/Array.go:276.16,278.3 1 1
nstu_lab3_3/internal/structs/Array.go:279.2,279.27 1 1
nstu_lab3_3/internal/structs/ChainingHashMap.go:20.54,26.2 1 1
nstu_lab3_3/internal/structs/ChainingHashMap.go:34.38,41.2 2 1
nstu_lab3_3/internal/structs/ChainingHashMap.go:43.57,44.14 1 1
nstu_lab3_3/internal/structs/ChainingHashMap.go:44.14,46.3 1 1
nstu_lab3_3/internal/structs/ChainingHashMap.go:47.2,51.3 1 1
nstu_lab3_3/internal/structs/ChainingHashMap.go:54.52,61.2 4 1
nstu_lab3_3/internal/structs/ChainingHashMap.go:63.52,67.18 3 1
nstu_lab3_3/internal/structs/ChainingHashMap.go:67.18,68.22 1 1
nstu_lab3_3/internal/structs/ChainingHashMap.go:68.22,71.4 2 1
nstu_lab3_3/internal/structs/ChainingHashMap.go:72.3,72.19 1 1
nstu_lab3_3/internal/structs/ChainingHashMap.go:75.2,80.13 5 1
nstu_lab3_3/internal/structs/ChainingHashMap.go:83.55,87.18 3 1
nstu_lab3_3/internal/structs/ChainingHashMap.go:87.18,88.22 1 1
nstu_lab3_3/internal/structs/ChainingHashMap.go:88.22,90.4 1 1
nstu_lab3_3/internal/structs/ChainingHashMap.go:91.3,91.19 1 1
nstu_lab3_3/internal/structs/ChainingHashMap.go:94.2,94.18 1 1
nstu_lab3_3/internal/structs/ChainingHashMap.go:97.48,102.18 4 1
nstu_lab3_3/internal/structs/ChainingHashMap.go:102.18,103.22 1 1
nstu_lab3_3/internal/structs/ChainingHashMap.go:103.22,104.19 1 1
nstu_lab3_3/internal/structs/ChainingHashMap.go:104.19,106.5 1 1
nstu_lab3_3/internal/structs/ChainingHashMap.go:106.10,108.5 1 1
nstu_lab3_3/internal/structs/ChainingHashMap.go:109.4,110.15 2 1
nstu_lab3_3/internal/structs/ChainingHashMap.go:112.3,113.19 2 1
nstu_lab3_3/internal/structs/ChainingHashMap.go:115.2,115.14 1 1
nstu_lab3_3/internal/structs/ChainingHashMap.go:118.50,121.2 2 1
nstu_lab3_3/internal/structs/ChainingHashMap.go:123.35,125.2 1 1
nstu_lab3_3/internal/structs/ChainingHashMap.go:127.39,129.2 1 1
nstu_lab3_3/internal/structs/ChainingHashMap.go:131.39,133.2 1 1
nstu_lab3_3/internal/structs/ChainingHashMap.go:135.32,136.34 1 1
nstu_lab3_3/internal/structs/ChainingHashMap.go:136.34,138.3 1 1
nstu_lab3_3/internal/structs/ChainingHashMap.go:139.2,139.12 1 1
nstu_lab3_3/internal/structs/ChainingHashMap.go:142.40,144.34 2 1
nstu_lab3_3/internal/structs/ChainingHashMap.go:144.34,146.19 2 1
nstu_lab3_3/internal/structs/ChainingHashMap.go:146.19,149.4 2 1
nstu_lab3_3/internal/structs/ChainingHashMap.go:151.2,151.13 1 1
nstu_lab3_3/internal/structs/ChainingHashMap.go:154.42,156.34 2 1
nstu_lab3_3/internal/structs/ChainingHashMap.go:156.34,158.19 2 1
nstu_lab3_3/internal/structs/ChainingHashMap.go:158.19,161.4 2 1
nstu_lab3_3/internal/structs/ChainingHashMap.go:163.2,163.15 1 1
nstu_lab3_3/internal/structs/ChainingHashMap.go:166.32,167.34 1 1
nstu_lab3_3/internal/structs/ChainingHashMap.go:167.34,171.19 4 1
nstu_lab3_3/internal/structs/ChainingHashMap.go:171.19,174.4 2 1
nstu_lab3_3/internal/structs/ChainingHashMap.go:175.3,175.22 1 1
nstu_lab3_3/internal/structs/ChainingHashMap.go:175.22,177.4 1 1
nstu_lab3_3/internal/structs/ChainingHashMap.go:177.9,179.4 1 1
nstu_lab3_3/internal/structs/ChainingHashMap.go:183.40,187.34 3 1
nstu_lab3_3/internal/structs/ChainingHashMap.go:187.34,191.19 4 1
nstu_lab3_3/internal/structs/ChainingHashMap.go:191.19,194.4 2 1
nstu_lab3_3/internal/structs/ChainingHashMap.go:195.3,195.22 1 1
nstu_lab3_3/internal/structs/ChainingHashMap.go:195.22,197.4 1 1
nstu_lab3_3/internal/structs/ChainingHashMap.go:197.9,199.4 1 1
nstu_lab3_3/internal/structs/ChainingHashMap.go:201.2,201.25 1 1
nstu_lab3_3/internal/structs/ChainingHashMap.go:204.45,206.2 1 1
nstu_lab3_3/internal/structs/ChainingHashMap.go:208.48,209.22 1 1
nstu_lab3_3/internal/structs/ChainingHashMap.go:209.22,211.3 1 1
nstu_lab3_3/internal/structs/ChainingHashMap.go:213.2,220.35 6 1
nstu_lab3_3/internal/structs/ChainingHashMap.go:220.35,222.19 2 1
nstu_lab3_3/internal/structs/ChainingHashMap.go:222.19,225.4 2 1
nstu_lab3_3/internal/structs/ChainingHashMap.go:229.54,230.32 1 1
nstu_lab3_3/internal/structs/ChainingHashMap.go:230.32,233.3 2 1
nstu_lab3_3/internal/structs/ChainingHashMap.go:245.54,255.34 3 1
nstu_lab3_3/internal/structs/ChainingHashMap.go:255.34,257.19 2 1
nstu_lab3_3/internal/structs/ChainingHashMap.go:257.19,263.4 2 1
nstu_lab3_3/internal/structs/ChainingHashMap.go:266.2,273.36 2 1
nstu_lab3_3/internal/structs/ChainingHashMap.go:277.57,286.61 3 1
nstu_lab3_3/internal/structs/ChainingHashMap.go:286.61,288.3 1 0
nstu_lab3_3/internal/structs/ChainingHashMap.go:291.2,291.32 1 1
nstu_lab3_3/internal/structs/ChainingHashMap.go:291.32,293.3 1 1
nstu_lab3_3/internal/structs/ChainingHashMap.go:293.8,295.3 1 0
nstu_lab3_3/internal/structs/ChainingHashMap.go:297.2,301.46 3 1
nstu_lab3_3/internal/structs/ChainingHashMap.go:301.46,303.3 1 1
nstu_lab3_3/internal/structs/ChainingHashMap.go:305.2,305.12 1 1
nstu_lab3_3/internal/structs/ChainingHashMap.go:309.49,311.16 2 1
nstu_lab3_3/internal/structs/ChainingHashMap.go:311.16,313.3 1 0
nstu_lab3_3/internal/structs/ChainingHashMap.go:314.2,314.27 1 1
nstu_lab3_3/internal/structs/ChainingHashMap.go:318.55,320.2 1 1
nstu_lab3_3/internal/structs/ChainingHashMap.go:323.58,325.16 2 1
nstu_lab3_3/internal/structs/ChainingHashMap.go:325.16,327.3 1 0
nstu_lab3_3/internal/structs/ChainingHashMap.go:328.2,332.26 4 1
nstu_lab3_3/internal/structs/ChainingHashMap.go:336.60,338.16 2 1
nstu_lab3_3/internal/structs/ChainingHashMap.go:338.16,340.3 1 0
nstu_lab3_3/internal/structs/ChainingHashMap.go:341.2,344.26 3 1
nstu_lab3_3/internal/structs/ChainingHashMap.go:348.51,352.83 2 1
nstu_lab3_3/internal/structs/ChainingHashMap.go:352.83,354.3 1 0
nstu_lab3_3/internal/structs/ChainingHashMap.go:355.2,355.79 1 1
nstu_lab3_3/internal/structs/ChainingHashMap.go:355.79,357.3 1 0
nstu_lab3_3/internal/structs/ChainingHashMap.go:360.2,360.34 1 1
nstu_lab3_3/internal/structs/ChainingHashMap.go:360.34,362.19 2 1
nstu_lab3_3/internal/structs/ChainingHashMap.go:362.19,366.74 3 1
nstu_lab3_3/internal/structs/ChainingHashMap.go:366.74,368.5 1 0
nstu_lab3_3/internal/structs/ChainingHashMap.go:369.4,369.49 1 1
nstu_lab3_3/internal/structs/ChainingHashMap.go:369.49,371.5 1 0
nstu_lab3_3/internal/structs/ChainingHashMap.go:374.4,376.76 3 1
nstu_lab3_3/internal/structs/ChainingHashMap.go:376.76,378.5 1 0
nstu_lab3_3/internal/structs/ChainingHashMap.go:379.4,379.51 1 1
nstu_lab3_3/internal/structs/ChainingHashMap.go:379.51,381.5 1 0
nstu_lab3_3/internal/structs/ChainingHashMap.go:383.4,383.20 1 1
nstu_lab3_3/internal/structs/ChainingHashMap.go:387.2,387.25 1 1
nstu_lab3_3/internal/structs/ChainingHashMap.go:391.54,396.73 3 1
nstu_lab3_3/internal/structs/ChainingHashMap.go:396.73,398.3 1 0
nstu_lab3_3/internal/structs/ChainingHashMap.go:399.2,399.69 1 1
nstu_lab3_3/internal/structs/ChainingHashMap.go:399.69,401.3 1 0
nstu_lab3_3/internal/structs/ChainingHashMap.go:404.2,404.18 1 1
nstu_lab3_3/internal/structs/ChainingHashMap.go:404.18,406.3 1 1
nstu_lab3_3/internal/structs/ChainingHashMap.go:406.8,408.3 1 0
nstu_lab3_3/internal/structs/ChainingHashMap.go:409.2,413.33 3 1
nstu_lab3_3/internal/structs/ChainingHashMap.go:413.33,416.72 2 1
nstu_lab3_3/internal/structs/ChainingHashMap.go:416.72,419.4 1 0
nstu_lab3_3/internal/structs/ChainingHashMap.go:421.3,422.55 2 1
nstu_lab3_3/internal/structs/ChainingHashMap.go:422.55,425.4 1 0
nstu_lab3_3/internal/structs/ChainingHashMap.go:426.3,430.74 3 1
nstu_lab3_3/internal/structs/ChainingHashMap.go:430.74,432.4 1 0
nstu_lab3_3/internal/structs/ChainingHashMap.go:434.3,435.57 2 1
nstu_lab3_3/internal/structs/ChainingHashMap.go:435.57,437.4 1 0
nstu_lab3_3/internal/structs/ChainingHashMap.go:438.3,440.20 2 1
nstu_lab3_3/internal/structs/ChainingHashMap.go:443.2,443.12 1 1
nstu_lab3_3/internal/structs/ChainingHashMap.go:447.60,449.16 2 1
nstu_lab3_3/internal/structs/ChainingHashMap.go:449.16,451.3 1 0
nstu_lab3_3/internal/structs/ChainingHashMap.go:452.2,452.43 1 1
nstu_lab3_3/internal/structs/ChainingHashMap.go:456.62,458.16 2 1
nstu_lab3_3/internal/structs/ChainingHashMap.go:458.16,460.3 1 0
nstu_lab3_3/internal/structs/ChainingHashMap.go:461.2,461.27 1 1
nstu_lab3_3/internal/structs/ChainingHashMap.go:465.62,469.83 2 1
nstu_lab3_3/internal/structs/ChainingHashMap.go:469.83,471.3 1 0
nstu_lab3_3/internal/structs/ChainingHashMap.go:474.2,474.34 1 1
nstu_lab3_3/internal/structs/ChainingHashMap.go:474.34,478.19 3 1
nstu_lab3_3/internal/structs/ChainingHashMap.go:478.19,481.4 2 1
nstu_lab3_3/internal/structs/ChainingHashMap.go:484.3,484.85 1 1
nstu_lab3_3/internal/structs/ChainingHashMap.go:484.85,486.4 1 0
nstu_lab3_3/internal/structs/ChainingHashMap.go:489.3,490.19 2 1
nstu_lab3_3/internal/structs/ChainingHashMap.go:490.19,494.74 3 1
nstu_lab3_3/internal/structs/ChainingHashMap.go:494.74,496.5 1 0
nstu_lab3_3/internal/structs/ChainingHashMap.go:497.4,497.49 1 1
nstu_lab3_3/internal/structs/ChainingHashMap.go:497.49,499.5 1 0
nstu_lab3_3/internal/structs/ChainingHashMap.go:502.4,504.76 3 1
nstu_lab3_3/internal/structs/ChainingHashMap.go:504.76,506.5 1 0
nstu_lab3_3/internal/structs/ChainingHashMap.go:507.4,507.51 1 1
nstu_lab3_3/internal/structs/ChainingHashMap.go:507.51,509.5 1 0
nstu_lab3_3/internal/structs/ChainingHashMap.go:511.4,511.20 1 1
nstu_lab3_3/internal/structs/ChainingHashMap.go:515.2,515.25 1 1
nstu_lab3_3/internal/structs/ChainingHashMap.go:519.65,524.73 3 1
nstu_lab3_3/internal/structs/ChainingHashMap.go:524.73,526.3 1 0
nstu_lab3_3/internal/structs/ChainingHashMap.go:529.2,529.18 1 1
nstu_lab3_3/internal/structs/ChainingHashMap.go:529.18,531.3 1 1
nstu_lab3_3/internal/structs/ChainingHashMap.go:531.8,533.3 1 0
nstu_lab3_3/internal/structs/ChainingHashMap.go:534.2,538.34 3 1
nstu_lab3_3/internal/structs/ChainingHashMap.go:538.34,540.77 2 1
nstu_lab3_3/internal/structs/ChainingHashMap.go:540.77,543.4 1 0
nstu_lab3_3/internal/structs/ChainingHashMap.go:546.3,547.41 2 1
nstu_lab3_3/internal/structs/ChainingHashMap.go:547.41,549.73 2 1
nstu_lab3_3/internal/structs/ChainingHashMap.go:549.73,551.5 1 0
nstu_lab3_3/internal/structs/ChainingHashMap.go:553.4,554.56 2 1
nstu_lab3_3/internal/structs/ChainingHashMap.go:554.56,556.5 1 0
nstu_lab3_3/internal/structs/ChainingHashMap.go:557.4,561.75 3 1
nstu_lab3_3/internal/structs/ChainingHashMap.go:561.75,563.5 1 0
nstu_lab3_3/internal/structs/ChainingHashMap.go:565.4,566.58 2 1
nstu_lab3_3/internal/structs/ChainingHashMap.go:566.58,568.5 1 0
nstu_lab3_3/internal/structs/ChainingHashMap.go:569.4,575.12 5 1
nstu_lab3_3/internal/structs/ChainingHashMap.go:579.3,579.22 1 1
nstu_lab3_3/internal/structs/ChainingHashMap.go:582.2,582.12 1 1
nstu_lab3_3/internal/structs/DoublyLinkedList.go:19.36,25.2 1 1
nstu_lab3_3/internal/structs/DoublyLinkedList.go:32.46,37.2 1 1
nstu_lab3_3/internal/structs/DoublyLinkedList.go:39.58,40.19 1 1
nstu_lab3_3/internal/structs/DoublyLinkedList.go:40.19,42.3 1 0
nstu_lab3_3/internal/structs/DoublyLinkedList.go:44.2,45.17 2 1
nstu_lab3_3/internal/structs/DoublyLinkedList.go:45.17,46.21 1 1
nstu_lab3_3/internal/structs/DoublyLinkedList.go:46.21,48.4 1 1
nstu_lab3_3/internal/structs/DoublyLinkedList.go:49.3,49.17 1 1
nstu_lab3_3/internal/structs/DoublyLinkedList.go:51.2,51.12 1 1
nstu_lab3_3/internal/structs/DoublyLinkedList.go:54.53,57.19 2 1
nstu_lab3_3/internal/structs/DoublyLinkedList.go:57.19,61.3 3 1
nstu_lab3_3/internal/structs/DoublyLinkedList.go:63.2,65.18 3 1
nstu_lab3_3/internal/structs/DoublyLinkedList.go:68.53,71.19 2 1
nstu_lab3_3/internal/structs/DoublyLinkedList.go:71.19,75.3 3 1
nstu_lab3_3/internal/structs/DoublyLinkedList.go:77.2,79.18 3 1
nstu_lab3_3/internal/structs/DoublyLinkedList.go:82.74,84.23 2 1
nstu_lab3_3/internal/structs/DoublyLinkedList.go:84.23,86.3 1 1
nstu_lab3_3/internal/structs/DoublyLinkedList.go:88.2,88.26 1 1
nstu_lab3_3/internal/structs/DoublyLinkedList.go:88.26,91.3 2 1
nstu_lab3_3/internal/structs/DoublyLinkedList.go:93.2,99.12 6 1
nstu_lab3_3/internal/structs/DoublyLinkedList.go:102.73,104.23 2 1
nstu_lab3_3/internal/structs/DoublyLinkedList.go:104.23,106.3 1 1
nstu_lab3_3/internal/structs/DoublyLinkedList.go:108.2,112.28 4 1
nstu_lab3_3/internal/structs/DoublyLinkedList.go:112.28,114.3 1 1
nstu_lab3_3/internal/structs/DoublyLinkedList.go:114.8,116.3 1 1
nstu_lab3_3/internal/structs/DoublyLinkedList.go:117.2,119.12 2 1
nstu_lab3_3/internal/structs/DoublyLinkedList.go:122.47,123.19 1 1
nstu_lab3_3/internal/structs/DoublyLinkedList.go:123.19,125.3 1 1
nstu_lab3_3/internal/structs/DoublyLinkedList.go:127.2,129.19 2 1
nstu_lab3_3/internal/structs/DoublyLinkedList.go:129.19,131.3 1 1
nstu_lab3_3/internal/structs/DoublyLinkedList.go:131.8,133.3 1 1
nstu_lab3_3/internal/structs/DoublyLinkedList.go:135.2,135.12 1 1
nstu_lab3_3/internal/structs/DoublyLinkedList.go:138.47,139.19 1 1
nstu_lab3_3/internal/structs/DoublyLinkedList.go:139.19,141.3 1 1
nstu_lab3_3/internal/structs/DoublyLinkedList.go:143.2,143.22 1 1
nstu_lab3_3/internal/structs/DoublyLinkedList.go:143.22,146.3 2 1
nstu_lab3_3/internal/structs/DoublyLinkedList.go:146.8,149.3 2 1
nstu_lab3_3/internal/structs/DoublyLinkedList.go:151.2,151.12 1 1
nstu_lab3_3/internal/structs/DoublyLinkedList.go:154.62,156.23 2 1
nstu_lab3_3/internal/structs/DoublyLinkedList.go:156.23,158.3 1 1
nstu_lab3_3/internal/structs/DoublyLinkedList.go:159.2,159.28 1 1
nstu_lab3_3/internal/structs/DoublyLinkedList.go:159.28,161.3 1 1
nstu_lab3_3/internal/structs/DoublyLinkedList.go:163.2,164.26 2 1
nstu_lab3_3/internal/structs/DoublyLinkedList.go:164.26,166.3 1 0
nstu_lab3_3/internal/structs/DoublyLinkedList.go:168.2,171.12 3 1
nstu_lab3_3/internal/structs/DoublyLinkedList.go:174.61,176.23 2 1
nstu_lab3_3/internal/structs/DoublyLinkedList.go:176.23,178.3 1 1
nstu_lab3_3/internal/structs/DoublyLinkedList.go:179.2,179.28 1 1
nstu_lab3_3/internal/structs/DoublyLinkedList.go:179.28,181.3 1 1
nstu_lab3_3/internal/structs/DoublyLinkedList.go:183.2,184.26 2 1
nstu_lab3_3/internal/structs/DoublyLinkedList.go:184.26,186.3 1 1
nstu_lab3_3/internal/structs/DoublyLinkedList.go:188.2,191.12 3 1
nstu_lab3_3/internal/structs/DoublyLinkedList.go:194.63,195.19 1 1
nstu_lab3_3/internal/structs/DoublyLinkedList.go:195.19,197.3 1 1
nstu_lab3_3/internal/structs/DoublyLinkedList.go:199.2,200.23 2 1
nstu_lab3_3/internal/structs/DoublyLinkedList.go:200.23,202.3 1 0
nstu_lab3_3/internal/structs/DoublyLinkedList.go:204.2,204.26 1 1
nstu_lab3_3/internal/structs/DoublyLinkedList.go:204.26,206.3 1 1
nstu_lab3_3/internal/structs/DoublyLinkedList.go:207.2,207.26 1 1
nstu_lab3_3/internal/structs/DoublyLinkedList.go:207.26,209.3 1 0
nstu_lab3_3/internal/structs/DoublyLinkedList.go:211.2,214.12 3 1
nstu_lab3_3/internal/structs/DoublyLinkedList.go:217.61,221.18 3 1
nstu_lab3_3/internal/structs/DoublyLinkedList.go:221.18,222.25 1 1
nstu_lab3_3/internal/structs/DoublyLinkedList.go:222.25,224.4 1 1
nstu_lab3_3/internal/structs/DoublyLinkedList.go:225.3,226.16 2 1
nstu_lab3_3/internal/structs/DoublyLinkedList.go:229.2,229.11 1 1
nstu_lab3_3/internal/structs/DoublyLinkedList.go:232.41,236.18 3 1
nstu_lab3_3/internal/structs/DoublyLinkedList.go:236.18,239.3 2 1
nstu_lab3_3/internal/structs/DoublyLinkedList.go:240.2,240.14 1 1
nstu_lab3_3/internal/structs/DoublyLinkedList.go:243.43,245.2 1 1
nstu_lab3_3/internal/structs/DoublyLinkedList.go:247.45,248.19 1 1
nstu_lab3_3/internal/structs/DoublyLinkedList.go:248.19,250.3 1 1
nstu_lab3_3/internal/structs/DoublyLinkedList.go:251.2,251.19 1 1
nstu_lab3_3/internal/structs/DoublyLinkedList.go:254.45,255.19 1 1
nstu_lab3_3/internal/structs/DoublyLinkedList.go:255.19,257.3 1 1
nstu_lab3_3/internal/structs/DoublyLinkedList.go:258.2,258.19 1 1
nstu_lab3_3/internal/structs/DoublyLinkedList.go:261.36,262.19 1 1
nstu_lab3_3/internal/structs/DoublyLinkedList.go:262.19,265.3 2 0
nstu_lab3_3/internal/structs/DoublyLinkedList.go:267.2,270.18 3 1
nstu_lab3_3/internal/structs/DoublyLinkedList.go:270.18,273.3 2 1
nstu_lab3_3/internal/structs/DoublyLinkedList.go:275.2,275.42 1 1
nstu_lab3_3/internal/structs/DoublyLinkedList.go:278.43,279.19 1 1
nstu_lab3_3/internal/structs/DoublyLinkedList.go:279.19,282.3 2 1
nstu_lab3_3/internal/structs/DoublyLinkedList.go:284.2,287.18 3 1
nstu_lab3_3/internal/structs/DoublyLinkedList.go:287.18,290.3 2 1
nstu_lab3_3/internal/structs/DoublyLinkedList.go:292.2,292.42 1 1
nstu_lab3_3/internal/structs/DoublyLinkedList.go:295.44,296.19 1 1
nstu_lab3_3/internal/structs/DoublyLinkedList.go:296.19,298.3 1 1
nstu_lab3_3/internal/structs/DoublyLinkedList.go:300.2,303.18 3 1
nstu_lab3_3/internal/structs/DoublyLinkedList.go:303.18,306.3 2 1
nstu_lab3_3/internal/structs/DoublyLinkedList.go:308.2,308.66 1 1
nstu_lab3_3/internal/structs/DoublyLinkedList.go:311.51,312.19 1 1
nstu_lab3_3/internal/structs/DoublyLinkedList.go:312.19,314.3 1 1
nstu_lab3_3/internal/structs/DoublyLinkedList.go:316.2,319.18 3 1
nstu_lab3_3/internal/structs/DoublyLinkedList.go:319.18,322.3 2 1
nstu_lab3_3/internal/structs/DoublyLinkedList.go:324.2,324.66 1 1
nstu_lab3_3/internal/structs/DoublyLinkedList.go:327.47,331.18 3 1
nstu_lab3_3/internal/structs/DoublyLinkedList.go:331.18,334.3 2 1
nstu_lab3_3/internal/structs/DoublyLinkedList.go:336.2,336.15 1 1
nstu_lab3_3/internal/structs/DoublyLinkedList.go:339.54,343.18 3 1
nstu_lab3_3/internal/structs/DoublyLinkedList.go:343.18,346.3 2 1
nstu_lab3_3/internal/structs/DoublyLinkedList.go:348.2,348.15 1 1
nstu_lab3_3/internal/structs/DoublyLinkedList.go:351.36,354.2 2 1
nstu_lab3_3/internal/structs/DoublyLinkedList.go:357.58,371.19 4 1
nstu_lab3_3/internal/structs/DoublyLinkedList.go:371.19,373.3 1 1
nstu_lab3_3/internal/structs/DoublyLinkedList.go:374.2,374.19 1 1
nstu_lab3_3/internal/structs/DoublyLinkedList.go:374.19,376.3 1 1
nstu_lab3_3/internal/structs/DoublyLinkedList.go:378.2,378.37 1 1
nstu_lab3_3/internal/structs/DoublyLinkedList.go:382.61,391.62 3 1
nstu_lab3_3/internal/structs/DoublyLinkedList.go:391.62,393.3 1 0
nstu_lab3_3/internal/structs/DoublyLinkedList.go:395.2,396.47 2 1
nstu_lab3_3/internal/structs/DoublyLinkedList.go:396.47,398.3 1 1
nstu_lab3_3/internal/structs/DoublyLinkedList.go:400.2,400.12 1 1
nstu_lab3_3/internal/structs/DoublyLinkedList.go:404.53,406.16 2 1
nstu_lab3_3/internal/structs/DoublyLinkedList.go:406.16,408.3 1 0
nstu_lab3_3/internal/structs/DoublyLinkedList.go:409.2,409.27 1 1
nstu_lab3_3/internal/structs/DoublyLinkedList.go:413.59,415.2 1 1
nstu_lab3_3/internal/structs/DoublyLinkedList.go:418.62,420.16 2 1
nstu_lab3_3/internal/structs/DoublyLinkedList.go:420.16,422.3 1 0
nstu_lab3_3/internal/structs/DoublyLinkedList.go:423.2,427.26 4 1
nstu_lab3_3/internal/structs/DoublyLinkedList.go:431.64,433.16 2 1
nstu_lab3_3/internal/structs/DoublyLinkedList.go:433.16,435.3 1 0
nstu_lab3_3/internal/structs/DoublyLinkedList.go:436.2,439.26 3 1
nstu_lab3_3/internal/structs/DoublyLinkedList.go:443.55,448.70 3 1
nstu_lab3_3/internal/structs/DoublyLinkedList.go:448.70,450.3 1 0
nstu_lab3_3/internal/structs/DoublyLinkedList.go:453.2,454.21 2 1
nstu_lab3_3/internal/structs/DoublyLinkedList.go:454.21,459.73 3 1
nstu_lab3_3/internal/structs/DoublyLinkedList.go:459.73,461.4 1 0
nstu_lab3_3/internal/structs/DoublyLinkedList.go:464.3,464.48 1 1
nstu_lab3_3/internal/structs/DoublyLinkedList.go:464.48,466.4 1 0
nstu_lab3_3/internal/structs/DoublyLinkedList.go:468.3,468.25 1 1
nstu_lab3_3/internal/structs/DoublyLinkedList.go:471.2,471.25 1 1
nstu_lab3_3/internal/structs/DoublyLinkedList.go:475.58,480.69 3 1
nstu_lab3_3/internal/structs/DoublyLinkedList.go:480.69,482.3 1 0
nstu_lab3_3/internal/structs/DoublyLinkedList.go:485.2,488.33 2 1
nstu_lab3_3/internal/structs/DoublyLinkedList.go:488.33,491.72 2 1
nstu_lab3_3/internal/structs/DoublyLinkedList.go:491.72,493.4 1 0
nstu_lab3_3/internal/structs/DoublyLinkedList.go:496.3,497.55 2 1
nstu_lab3_3/internal/structs/DoublyLinkedList.go:497.55,499.4 1 0
nstu_lab3_3/internal/structs/DoublyLinkedList.go:502.3,502.35 1 1
nstu_lab3_3/internal/structs/DoublyLinkedList.go:505.2,505.12 1 1
nstu_lab3_3/internal/structs/DoublyLinkedList.go:509.64,511.16 2 1
nstu_lab3_3/internal/structs/DoublyLinkedList.go:511.16,513.3 1 0
nstu_lab3_3/internal/structs/DoublyLinkedList.go:514.2,514.43 1 1
nstu_lab3_3/internal/structs/DoublyLinkedList.go:518.66,520.16 2 1
nstu_lab3_3/internal/structs/DoublyLinkedList.go:520.16,522.3 1 0
nstu_lab3_3/internal/structs/DoublyLinkedList.go:523.2,523.27 1 1
nstu_lab3_3/internal/structs/FullBinaryTree.go:18.33,24.2 1 1
nstu_lab3_3/internal/structs/FullBinaryTree.go:26.78,32.2 1 1
nstu_lab3_3/internal/structs/FullBinaryTree.go:38.22,42.2 1 1
nstu_lab3_3/internal/structs/FullBinaryTree.go:44.59,45.17 1 1
nstu_lab3_3/internal/structs/FullBinaryTree.go:45.17,47.3 1 1
nstu_lab3_3/internal/structs/FullBinaryTree.go:48.2,48.21 1 1
nstu_lab3_3/internal/structs/FullBinaryTree.go:48.21,50.3 1 1
nstu_lab3_3/internal/structs/FullBinaryTree.go:52.2,53.23 2 1
nstu_lab3_3/internal/structs/FullBinaryTree.go:53.23,55.3 1 1
nstu_lab3_3/internal/structs/FullBinaryTree.go:57.2,57.41 1 1
nstu_lab3_3/internal/structs/FullBinaryTree.go:60.50,61.17 1 1
nstu_lab3_3/internal/structs/FullBinaryTree.go:61.17,63.3 1 1
nstu_lab3_3/internal/structs/FullBinaryTree.go:64.2,64.43 1 1
nstu_lab3_3/internal/structs/FullBinaryTree.go:64.43,66.3 1 1
nstu_lab3_3/internal/structs/FullBinaryTree.go:68.2,68.43 1 1
nstu_lab3_3/internal/structs/FullBinaryTree.go:68.43,70.3 1 1
nstu_lab3_3/internal/structs/FullBinaryTree.go:71.2,71.14 1 1
nstu_lab3_3/internal/structs/FullBinaryTree.go:74.41,77.19 2 1
nstu_lab3_3/internal/structs/FullBinaryTree.go:77.19,80.3 2 1
nstu_lab3_3/internal/structs/FullBinaryTree.go:82.2,83.18 2 1
nstu_lab3_3/internal/structs/FullBinaryTree.go:83.18,84.21 1 1
nstu_lab3_3/internal/structs/FullBinaryTree.go:84.21,85.25 1 1
nstu_lab3_3/internal/structs/FullBinaryTree.go:85.25,87.5 1 0
nstu_lab3_3/internal/structs/FullBinaryTree.go:87.10,90.5 2 1
nstu_lab3_3/internal/structs/FullBinaryTree.go:91.9,91.28 1 1
nstu_lab3_3/internal/structs/FullBinaryTree.go:91.28,92.24 1 1
nstu_lab3_3/internal/structs/FullBinaryTree.go:92.24,94.5 1 1
nstu_lab3_3/internal/structs/FullBinaryTree.go:94.10,97.5 2 1
nstu_lab3_3/internal/structs/FullBinaryTree.go:98.9,100.4 1 1
nstu_lab3_3/internal/structs/FullBinaryTree.go:102.2,102.14 1 0
nstu_lab3_3/internal/structs/FullBinaryTree.go:105.41,108.2 2 1
nstu_lab3_3/internal/structs/FullBinaryTree.go:110.36,112.2 1 1
nstu_lab3_3/internal/structs/FullBinaryTree.go:114.33,118.2 3 1
nstu_lab3_3/internal/structs/FullBinaryTree.go:120.61,121.17 1 1
nstu_lab3_3/internal/structs/FullBinaryTree.go:121.17,123.3 1 1
nstu_lab3_3/internal/structs/FullBinaryTree.go:124.2,126.40 3 1
nstu_lab3_3/internal/structs/FullBinaryTree.go:129.32,133.2 3 1
nstu_lab3_3/internal/structs/FullBinaryTree.go:135.60,136.17 1 1
nstu_lab3_3/internal/structs/FullBinaryTree.go:136.17,138.3 1 1
nstu_lab3_3/internal/structs/FullBinaryTree.go:139.2,141.39 3 1
nstu_lab3_3/internal/structs/FullBinaryTree.go:144.34,148.2 3 1
nstu_lab3_3/internal/structs/FullBinaryTree.go:150.62,151.17 1 1
nstu_lab3_3/internal/structs/FullBinaryTree.go:151.17,153.3 1 1
nstu_lab3_3/internal/structs/FullBinaryTree.go:154.2,156.37 3 1
nstu_lab3_3/internal/structs/FullBinaryTree.go:159.35,160.19 1 1
nstu_lab3_3/internal/structs/FullBinaryTree.go:160.19,162.3 1 1
nstu_lab3_3/internal/structs/FullBinaryTree.go:164.2,167.21 3 1
nstu_lab3_3/internal/structs/FullBinaryTree.go:167.21,173.23 4 1
nstu_lab3_3/internal/structs/FullBinaryTree.go:173.23,175.4 1 1
nstu_lab3_3/internal/structs/FullBinaryTree.go:176.3,176.24 1 1
nstu_lab3_3/internal/structs/FullBinaryTree.go:176.24,178.4 1 1
nstu_lab3_3/internal/structs/FullBinaryTree.go:181.2,181.15 1 1
nstu_lab3_3/internal/structs/FullBinaryTree.go:184.29,186.2 1 1
nstu_lab3_3/internal/structs/FullBinaryTree.go:188.49,189.17 1 1
nstu_lab3_3/internal/structs/FullBinaryTree.go:189.17,191.3 1 1
nstu_lab3_3/internal/structs/FullBinaryTree.go:193.2,196.30 3 1
nstu_lab3_3/internal/structs/FullBinaryTree.go:196.30,198.3 1 1
nstu_lab3_3/internal/structs/FullBinaryTree.go:199.2,199.24 1 1
nstu_lab3_3/internal/structs/FullBinaryTree.go:202.27,204.2 1 1
nstu_lab3_3/internal/structs/FullBinaryTree.go:206.44,207.17 1 1
nstu_lab3_3/internal/structs/FullBinaryTree.go:207.17,209.3 1 1
nstu_lab3_3/internal/structs/FullBinaryTree.go:210.2,210.63 1 1
nstu_lab3_3/internal/structs/FullBinaryTree.go:213.31,215.2 1 1
nstu_lab3_3/internal/structs/FullBinaryTree.go:217.43,218.19 1 1
nstu_lab3_3/internal/structs/FullBinaryTree.go:218.19,220.3 1 1
nstu_lab3_3/internal/structs/FullBinaryTree.go:221.2,221.25 1 1
nstu_lab3_3/internal/structs/FullBinaryTree.go:224.32,227.2 2 1
nstu_lab3_3/internal/structs/FullBinaryTree.go:229.31,232.2 2 1
nstu_lab3_3/internal/structs/FullBinaryTree.go:234.33,237.2 2 1
nstu_lab3_3/internal/structs/FullBinaryTree.go:239.34,242.2 2 1
nstu_lab3_3/internal/structs/FullBinaryTree.go:244.32,245.19 1 1
nstu_lab3_3/internal/structs/FullBinaryTree.go:245.19,247.3 1 1
nstu_lab3_3/internal/structs/FullBinaryTree.go:249.2,250.83 2 1
nstu_lab3_3/internal/structs/FullBinaryTree.go:263.46,264.19 1 1
nstu_lab3_3/internal/structs/FullBinaryTree.go:264.19,266.3 1 0
nstu_lab3_3/internal/structs/FullBinaryTree.go:268.2,269.31 2 1
nstu_lab3_3/internal/structs/FullBinaryTree.go:273.63,274.17 1 1
nstu_lab3_3/internal/structs/FullBinaryTree.go:274.17,276.3 1 1
nstu_lab3_3/internal/structs/FullBinaryTree.go:278.2,282.3 1 1
nstu_lab3_3/internal/structs/FullBinaryTree.go:286.49,288.28 1 1
nstu_lab3_3/internal/structs/FullBinaryTree.go:288.28,291.3 2 0
nstu_lab3_3/internal/structs/FullBinaryTree.go:293.2,294.56 2 1
nstu_lab3_3/internal/structs/FullBinaryTree.go:294.56,296.3 1 0
nstu_lab3_3/internal/structs/FullBinaryTree.go:298.2,299.12 2 1
nstu_lab3_3/internal/structs/FullBinaryTree.go:303.71,304.21 1 1
nstu_lab3_3/internal/structs/FullBinaryTree.go:304.21,306.3 1 1
nstu_lab3_3/internal/structs/FullBinaryTree.go:308.2,312.13 4 1
nstu_lab3_3/internal/structs/FullBinaryTree.go:316.41,318.16 2 1
nstu_lab3_3/internal/structs/FullBinaryTree.go:318.16,320.3 1 0
nstu_lab3_3/internal/structs/FullBinaryTree.go:321.2,321.27 1 1
nstu_lab3_3/internal/structs/FullBinaryTree.go:325.47,327.2 1 1
nstu_lab3_3/internal/structs/FullBinaryTree.go:330.50,332.16 2 1
nstu_lab3_3/internal/structs/FullBinaryTree.go:332.16,334.3 1 0
nstu_lab3_3/internal/structs/FullBinaryTree.go:335.2,339.26 4 1
nstu_lab3_3/internal/structs/FullBinaryTree.go:343.52,345.16 2 1
nstu_lab3_3/internal/structs/FullBinaryTree.go:345.16,347.3 1 0
nstu_lab3_3/internal/structs/FullBinaryTree.go:348.2,351.26 3 1
nstu_lab3_3/internal/structs/FullBinaryTree.go:355.43,359.19 2 1
nstu_lab3_3/internal/structs/FullBinaryTree.go:359.19,360.75 1 1
nstu_lab3_3/internal/structs/FullBinaryTree.go:360.75,362.4 1 0
nstu_lab3_3/internal/structs/FullBinaryTree.go:363.3,363.26 1 1
nstu_lab3_3/internal/structs/FullBinaryTree.go:367.2,367.74 1 1
nstu_lab3_3/internal/structs/FullBinaryTree.go:367.74,369.3 1 0
nstu_lab3_3/internal/structs/FullBinaryTree.go:371.2,373.21 2 1
nstu_lab3_3/internal/structs/FullBinaryTree.go:373.21,378.82 3 1
nstu_lab3_3/internal/structs/FullBinaryTree.go:378.82,380.4 1 0
nstu_lab3_3/internal/structs/FullBinaryTree.go:382.3,383.23 2 1
nstu_lab3_3/internal/structs/FullBinaryTree.go:383.23,385.4 1 1
nstu_lab3_3/internal/structs/FullBinaryTree.go:386.3,387.24 2 1
nstu_lab3_3/internal/structs/FullBinaryTree.go:387.24,389.4 1 1
nstu_lab3_3/internal/structs/FullBinaryTree.go:391.3,391.74 1 1
nstu_lab3_3/internal/structs/FullBinaryTree.go:391.74,393.4 1 0
nstu_lab3_3/internal/structs/FullBinaryTree.go:394.3,394.75 1 1
nstu_lab3_3/internal/structs/FullBinaryTree.go:394.75,396.4 1 0
nstu_lab3_3/internal/structs/FullBinaryTree.go:399.3,399.23 1 1
nstu_lab3_3/internal/structs/FullBinaryTree.go:399.23,401.4 1 1
nstu_lab3_3/internal/structs/FullBinaryTree.go:402.3,402.24 1 1
nstu_lab3_3/internal/structs/FullBinaryTree.go:402.24,404.4 1 1
nstu_lab3_3/internal/structs/FullBinaryTree.go:407.2,407.25 1 1
nstu_lab3_3/internal/structs/FullBinaryTree.go:411.46,416.72 3 1
nstu_lab3_3/internal/structs/FullBinaryTree.go:416.72,418.3 1 0
nstu_lab3_3/internal/structs/FullBinaryTree.go:420.2,420.18 1 1
nstu_lab3_3/internal/structs/FullBinaryTree.go:420.18,423.3 2 0
nstu_lab3_3/internal/structs/FullBinaryTree.go:426.2,434.72 3 1
nstu_lab3_3/internal/structs/FullBinaryTree.go:434.72,436.3 1 0
nstu_lab3_3/internal/structs/FullBinaryTree.go:438.2,442.76 3 1
nstu_lab3_3/internal/structs/FullBinaryTree.go:442.76,444.3 1 0
nstu_lab3_3/internal/structs/FullBinaryTree.go:445.2,445.77 1 1
nstu_lab3_3/internal/structs/FullBinaryTree.go:445.77,447.3 1 0
nstu_lab3_3/internal/structs/FullBinaryTree.go:449.2,453.21 2 1
nstu_lab3_3/internal/structs/FullBinaryTree.go:453.21,458.28 3 1
nstu_lab3_3/internal/structs/FullBinaryTree.go:458.28,460.74 2 1
nstu_lab3_3/internal/structs/FullBinaryTree.go:460.74,462.5 1 0
nstu_lab3_3/internal/structs/FullBinaryTree.go:463.4,463.35 1 1
nstu_lab3_3/internal/structs/FullBinaryTree.go:467.3,468.28 2 1
nstu_lab3_3/internal/structs/FullBinaryTree.go:468.28,472.4 2 1
nstu_lab3_3/internal/structs/FullBinaryTree.go:472.9,473.74 1 1
nstu_lab3_3/internal/structs/FullBinaryTree.go:473.74,475.5 1 0
nstu_lab3_3/internal/structs/FullBinaryTree.go:476.4,476.75 1 1
nstu_lab3_3/internal/structs/FullBinaryTree.go:476.75,478.5 1 0
nstu_lab3_3/internal/structs/FullBinaryTree.go:482.3,482.19 1 1
nstu_lab3_3/internal/structs/FullBinaryTree.go:482.19,490.4 3 1
nstu_lab3_3/internal/structs/FullBinaryTree.go:493.3,493.20 1 1
nstu_lab3_3/internal/structs/FullBinaryTree.go:493.20,501.4 3 1
nstu_lab3_3/internal/structs/FullBinaryTree.go:504.2,504.12 1 1
nstu_lab3_3/internal/structs/FullBinaryTree.go:508.52,510.16 2 1
nstu_lab3_3/internal/structs/FullBinaryTree.go:510.16,512.3 1 0
nstu_lab3_3/internal/structs/FullBinaryTree.go:513.2,513.43 1 1
nstu_lab3_3/internal/structs/FullBinaryTree.go:517.54,519.16 2 1
nstu_lab3_3/internal/structs/FullBinaryTree.go:519.16,521.3 1 0
nstu_lab3_3/internal/structs/FullBinaryTree.go:522.2,522.27 1 1
nstu_lab3_3/internal/structs/FullBinaryTree.go:526.50,530.65 2 1
nstu_lab3_3/internal/structs/FullBinaryTree.go:530.65,532.3 1 0
nstu_lab3_3/internal/structs/FullBinaryTree.go:534.2,534.25 1 1
nstu_lab3_3/internal/structs/FullBinaryTree.go:537.79,538.17 1 1
nstu_lab3_3/internal/structs/FullBinaryTree.go:538.17,541.76 2 1
nstu_lab3_3/internal/structs/FullBinaryTree.go:541.76,543.4 1 0
nstu_lab3_3/internal/structs/FullBinaryTree.go:544.3,544.13 1 1
nstu_lab3_3/internal/structs/FullBinaryTree.go:548.2,548.80 1 1
nstu_lab3_3/internal/structs/FullBinaryTree.go:548.80,550.3 1 0
nstu_lab3_3/internal/structs/FullBinaryTree.go:553.2,553.67 1 1
nstu_lab3_3/internal/structs/FullBinaryTree.go:553.67,555.3 1 0
nstu_lab3_3/internal/structs/FullBinaryTree.go:556.2,556.68 1 1
nstu_lab3_3/internal/structs/FullBinaryTree.go:556.68,558.3 1 0
nstu_lab3_3/internal/structs/FullBinaryTree.go:560.2,560.12 1 1
nstu_lab3_3/internal/structs/FullBinaryTree.go:564.53,569.39 3 1
nstu_lab3_3/internal/structs/FullBinaryTree.go:569.39,571.69 2 1
nstu_lab3_3/internal/structs/FullBinaryTree.go:571.69,573.4 1 0
nstu_lab3_3/internal/structs/FullBinaryTree.go:576.3,576.20 1 1
nstu_lab3_3/internal/structs/FullBinaryTree.go:576.20,578.4 1 1
nstu_lab3_3/internal/structs/FullBinaryTree.go:580.3,583.17 3 1
nstu_lab3_3/internal/structs/FullBinaryTree.go:583.17,585.4 1 0
nstu_lab3_3/internal/structs/FullBinaryTree.go:586.3,589.17 3 1
nstu_lab3_3/internal/structs/FullBinaryTree.go:589.17,591.4 1 0
nstu_lab3_3/internal/structs/FullBinaryTree.go:592.3,594.19 2 1
nstu_lab3_3/internal/structs/FullBinaryTree.go:597.2,598.16 2 1
nstu_lab3_3/internal/structs/FullBinaryTree.go:598.16,600.3 1 0
nstu_lab3_3/internal/structs/FullBinaryTree.go:601.2,603.12 2 1
nstu_lab3_3/internal/structs/FullBinaryTree.go:607.59,609.16 2 1
nstu_lab3_3/internal/structs/FullBinaryTree.go:609.16,611.3 1 0
nstu_lab3_3/internal/structs/FullBinaryTree.go:612.2,612.43 1 1
nstu_lab3_3/internal/structs/FullBinaryTree.go:616.61,618.16 2 1
nstu_lab3_3/internal/structs/FullBinaryTree.go:618.16,620.3 1 0
nstu_lab3_3/internal/structs/FullBinaryTree.go:621.2,621.34 1 1
nstu_lab3_3/internal/structs/OpenAddressingHashMap.go:28.32,32.2 1 1
nstu_lab3_3/internal/structs/OpenAddressingHashMap.go:40.38,43.25 3 1
nstu_lab3_3/internal/structs/OpenAddressingHashMap.go:43.25,45.3 1 1
nstu_lab3_3/internal/structs/OpenAddressingHashMap.go:47.2,51.3 1 1
nstu_lab3_3/internal/structs/OpenAddressingHashMap.go:54.57,55.14 1 1
nstu_lab3_3/internal/structs/OpenAddressingHashMap.go:55.14,57.3 1 1
nstu_lab3_3/internal/structs/OpenAddressingHashMap.go:59.2,60.25 2 1
nstu_lab3_3/internal/structs/OpenAddressingHashMap.go:60.25,62.3 1 1
nstu_lab3_3/internal/structs/OpenAddressingHashMap.go:64.2,68.3 1 1
nstu_lab3_3/internal/structs/OpenAddressingHashMap.go:71.52,75.2 3 1
nstu_lab3_3/internal/structs/OpenAddressingHashMap.go:77.52,78.26 1 1
nstu_lab3_3/internal/structs/OpenAddressingHashMap.go:78.26,81.3 2 1
nstu_lab3_3/internal/structs/OpenAddressingHashMap.go:83.2,87.21 4 1
nstu_lab3_3/internal/structs/OpenAddressingHashMap.go:87.21,90.39 2 1
nstu_lab3_3/internal/structs/OpenAddressingHashMap.go:90.39,96.4 5 1
nstu_lab3_3/internal/structs/OpenAddressingHashMap.go:98.3,98.70 1 1
nstu_lab3_3/internal/structs/OpenAddressingHashMap.go:98.70,101.4 2 1
nstu_lab3_3/internal/structs/OpenAddressingHashMap.go:103.3,103.63 1 1
nstu_lab3_3/internal/structs/OpenAddressingHashMap.go:103.63,105.4 1 1
nstu_lab3_3/internal/structs/OpenAddressingHashMap.go:106.3,106.6 1 1
nstu_lab3_3/internal/structs/OpenAddressingHashMap.go:109.2,109.24 1 1
nstu_lab3_3/internal/structs/OpenAddressingHashMap.go:109.24,115.3 5 1
nstu_lab3_3/internal/structs/OpenAddressingHashMap.go:117.2,117.14 1 0
nstu_lab3_3/internal/structs/OpenAddressingHashMap.go:120.55,124.21 3 1
nstu_lab3_3/internal/structs/OpenAddressingHashMap.go:124.21,127.39 2 1
nstu_lab3_3/internal/structs/OpenAddressingHashMap.go:127.39,129.4 1 1
nstu_lab3_3/internal/structs/OpenAddressingHashMap.go:131.3,131.41 1 1
nstu_lab3_3/internal/structs/OpenAddressingHashMap.go:131.41,133.12 2 1
nstu_lab3_3/internal/structs/OpenAddressingHashMap.go:136.3,136.70 1 1
nstu_lab3_3/internal/structs/OpenAddressingHashMap.go:136.70,138.4 1 1
nstu_lab3_3/internal/structs/OpenAddressingHashMap.go:139.3,139.6 1 1
nstu_lab3_3/internal/structs/OpenAddressingHashMap.go:142.2,142.18 1 1
nstu_lab3_3/internal/structs/OpenAddressingHashMap.go:145.48,149.21 3 1
nstu_lab3_3/internal/structs/OpenAddressingHashMap.go:149.21,152.39 2 1
nstu_lab3_3/internal/structs/OpenAddressingHashMap.go:152.39,154.4 1 1
nstu_lab3_3/internal/structs/OpenAddressingHashMap.go:156.3,156.70 1 1
nstu_lab3_3/internal/structs/OpenAddressingHashMap.go:156.70,162.4 5 1
nstu_lab3_3/internal/structs/OpenAddressingHashMap.go:163.3,163.6 1 0
nstu_lab3_3/internal/structs/OpenAddressingHashMap.go:166.2,166.14 1 0
nstu_lab3_3/internal/structs/OpenAddressingHashMap.go:169.50,172.2 2 1
nstu_lab3_3/internal/structs/OpenAddressingHashMap.go:174.35,176.2 1 1
nstu_lab3_3/internal/structs/OpenAddressingHashMap.go:178.39,180.2 1 1
nstu_lab3_3/internal/structs/OpenAddressingHashMap.go:182.39,184.2 1 1
nstu_lab3_3/internal/structs/OpenAddressingHashMap.go:186.38,188.2 1 1
nstu_lab3_3/internal/structs/OpenAddressingHashMap.go:190.45,192.2 1 1
nstu_lab3_3/internal/structs/OpenAddressingHashMap.go:194.32,195.34 1 1
nstu_lab3_3/internal/structs/OpenAddressingHashMap.go:195.34,199.3 3 1
nstu_lab3_3/internal/structs/OpenAddressingHashMap.go:200.2,200.12 1 1
nstu_lab3_3/internal/structs/OpenAddressingHashMap.go:203.40,205.34 2 1
nstu_lab3_3/internal/structs/OpenAddressingHashMap.go:205.34,206.35 1 1
nstu_lab3_3/internal/structs/OpenAddressingHashMap.go:206.35,208.4 1 1
nstu_lab3_3/internal/structs/OpenAddressingHashMap.go:210.2,210.13 1 1
nstu_lab3_3/internal/structs/OpenAddressingHashMap.go:213.42,215.34 2 1
nstu_lab3_3/internal/structs/OpenAddressingHashMap.go:215.34,216.35 1 1
nstu_lab3_3/internal/structs/OpenAddressingHashMap.go:216.35,218.4 1 1
nstu_lab3_3/internal/structs/OpenAddressingHashMap.go:220.2,220.15 1 1
nstu_lab3_3/internal/structs/OpenAddressingHashMap.go:223.32,224.34 1 1
nstu_lab3_3/internal/structs/OpenAddressingHashMap.go:224.34,227.30 2 1
nstu_lab3_3/internal/structs/OpenAddressingHashMap.go:228.14,229.66 1 1
nstu_lab3_3/internal/structs/OpenAddressingHashMap.go:230.16,231.26 1 0
nstu_lab3_3/internal/structs/OpenAddressingHashMap.go:232.14,233.23 1 1
nstu_lab3_3/internal/structs/OpenAddressingHashMap.go:236.2,236.15 1 1
nstu_lab3_3/internal/structs/OpenAddressingHashMap.go:239.40,244.34 3 1
nstu_lab3_3/internal/structs/OpenAddressingHashMap.go:244.34,247.30 2 1
nstu_lab3_3/internal/structs/OpenAddressingHashMap.go:248.14,249.88 1 1
nstu_lab3_3/internal/structs/OpenAddressingHashMap.go:250.16,251.36 1 0
nstu_lab3_3/internal/structs/OpenAddressingHashMap.go:252.14,253.33 1 1
nstu_lab3_3/internal/structs/OpenAddressingHashMap.go:256.2,256.25 1 1
nstu_lab3_3/internal/structs/OpenAddressingHashMap.go:259.48,260.31 1 1
nstu_lab3_3/internal/structs/OpenAddressingHashMap.go:260.31,262.3 1 1
nstu_lab3_3/internal/structs/OpenAddressingHashMap.go:264.2,268.27 4 1
nstu_lab3_3/internal/structs/OpenAddressingHashMap.go:268.27,270.3 1 1
nstu_lab3_3/internal/structs/OpenAddressingHashMap.go:271.2,274.35 3 1
nstu_lab3_3/internal/structs/OpenAddressingHashMap.go:274.35,275.36 1 1
nstu_lab3_3/internal/structs/OpenAddressingHashMap.go:275.36,277.4 1 1
nstu_lab3_3/internal/structs/OpenAddressingHashMap.go:281.54,282.32 1 1
nstu_lab3_3/internal/structs/OpenAddressingHashMap.go:282.32,285.3 2 1
nstu_lab3_3/internal/structs/OpenAddressingHashMap.go:291.54,306.34 4 1
nstu_lab3_3/internal/structs/OpenAddressingHashMap.go:306.34,312.3 1 1
nstu_lab3_3/internal/structs/OpenAddressingHashMap.go:314.2,321.36 2 1
nstu_lab3_3/internal/structs/OpenAddressingHashMap.go:325.57,340.61 4 1
nstu_lab3_3/internal/structs/OpenAddressingHashMap.go:340.61,342.3 1 0
nstu_lab3_3/internal/structs/OpenAddressingHashMap.go:344.2,348.27 4 1
nstu_lab3_3/internal/structs/OpenAddressingHashMap.go:348.27,350.3 1 1
nstu_lab3_3/internal/structs/OpenAddressingHashMap.go:352.2,352.46 1 1
nstu_lab3_3/internal/structs/OpenAddressingHashMap.go:352.46,357.35 4 1
nstu_lab3_3/internal/structs/OpenAddressingHashMap.go:357.35,359.4 1 1
nstu_lab3_3/internal/structs/OpenAddressingHashMap.go:362.2,362.12 1 1
nstu_lab3_3/internal/structs/OpenAddressingHashMap.go:366.49,368.16 2 1
nstu_lab3_3/internal/structs/OpenAddressingHashMap.go:368.16,370.3 1 0
nstu_lab3_3/internal/structs/OpenAddressingHashMap.go:371.2,371.27 1 1
nstu_lab3_3/internal/structs/OpenAddressingHashMap.go:375.55,377.2 1 1
nstu_lab3_3/internal/structs/OpenAddressingHashMap.go:380.58,382.16 2 1
nstu_lab3_3/internal/structs/OpenAddressingHashMap.go:382.16,384.3 1 0
nstu_lab3_3/internal/structs/OpenAddressingHashMap.go:385.2,389.26 4 1
nstu_lab3_3/internal/structs/OpenAddressingHashMap.go:393.60,395.16 2 1
nstu_lab3_3/internal/structs/OpenAddressingHashMap.go:395.16,397.3 1 0
nstu_lab3_3/internal/structs/OpenAddressingHashMap.go:398.2,401.26 3 1
nstu_lab3_3/internal/structs/OpenAddressingHashMap.go:405.51,408.83 2 1
nstu_lab3_3/internal/structs/OpenAddressingHashMap.go:408.83,410.3 1 0
nstu_lab3_3/internal/structs/OpenAddressingHashMap.go:411.2,411.79 1 1
nstu_lab3_3/internal/structs/OpenAddressingHashMap.go:411.79,413.3 1 0
nstu_lab3_3/internal/structs/OpenAddressingHashMap.go:415.2,415.34 1 1
nstu_lab3_3/internal/structs/OpenAddressingHashMap.go:415.34,418.86 2 1
nstu_lab3_3/internal/structs/OpenAddressingHashMap.go:418.86,420.4 1 0
nstu_lab3_3/internal/structs/OpenAddressingHashMap.go:422.3,424.73 3 1
nstu_lab3_3/internal/structs/OpenAddressingHashMap.go:424.73,426.4 1 0
nstu_lab3_3/internal/structs/OpenAddressingHashMap.go:427.3,427.48 1 1
nstu_lab3_3/internal/structs/OpenAddressingHashMap.go:427.48,429.4 1 0
nstu_lab3_3/internal/structs/OpenAddressingHashMap.go:431.3,433.75 3 1
nstu_lab3_3/internal/structs/OpenAddressingHashMap.go:433.75,435.4 1 0
nstu_lab3_3/internal/structs/OpenAddressingHashMap.go:436.3,436.50 1 1
nstu_lab3_3/internal/structs/OpenAddressingHashMap.go:436.50,438.4 1 0
nstu_lab3_3/internal/structs/OpenAddressingHashMap.go:441.2,441.25 1 1
nstu_lab3_3/internal/structs/OpenAddressingHashMap.go:445.54,449.73 3 1
nstu_lab3_3/internal/structs/OpenAddressingHashMap.go:449.73,451.3 1 0
nstu_lab3_3/internal/structs/OpenAddressingHashMap.go:452.2,452.69 1 1
nstu_lab3_3/internal/structs/OpenAddressingHashMap.go:452.69,454.3 1 0
nstu_lab3_3/internal/structs/OpenAddressingHashMap.go:456.2,460.34 4 1
nstu_lab3_3/internal/structs/OpenAddressingHashMap.go:460.34,464.72 3 1
nstu_lab3_3/internal/structs/OpenAddressingHashMap.go:464.72,466.4 1 0
nstu_lab3_3/internal/structs/OpenAddressingHashMap.go:467.3,470.72 3 1
nstu_lab3_3/internal/structs/OpenAddressingHashMap.go:470.72,472.4 1 0
nstu_lab3_3/internal/structs/OpenAddressingHashMap.go:473.3,474.55 2 1
nstu_lab3_3/internal/structs/OpenAddressingHashMap.go:474.55,476.4 1 0
nstu_lab3_3/internal/structs/OpenAddressingHashMap.go:477.3,480.74 3 1
nstu_lab3_3/internal/structs/OpenAddressingHashMap.go:480.74,482.4 1 0
nstu_lab3_3/internal/structs/OpenAddressingHashMap.go:483.3,484.57 2 1
nstu_lab3_3/internal/structs/OpenAddressingHashMap.go:484.57,486.4 1 0
nstu_lab3_3/internal/structs/OpenAddressingHashMap.go:487.3,489.35 2 1
nstu_lab3_3/internal/structs/OpenAddressingHashMap.go:489.35,491.4 1 1
nstu_lab3_3/internal/structs/OpenAddressingHashMap.go:494.2,494.12 1 1
nstu_lab3_3/internal/structs/OpenAddressingHashMap.go:498.60,500.16 2 1
nstu_lab3_3/internal/structs/OpenAddressingHashMap.go:500.16,502.3 1 0
nstu_lab3_3/internal/structs/OpenAddressingHashMap.go:503.2,503.43 1 1
nstu_lab3_3/internal/structs/OpenAddressingHashMap.go:507.62,509.16 2 1
nstu_lab3_3/internal/structs/OpenAddressingHashMap.go:509.16,511.3 1 0
nstu_lab3_3/internal/structs/OpenAddressingHashMap.go:512.2,512.27 1 1
nstu_lab3_3/internal/structs/Queue.go:18.45,23.2 1 1
nstu_lab3_3/internal/structs/Queue.go:31.24,37.2 1 1
nstu_lab3_3/internal/structs/Queue.go:39.30,41.2 1 1
nstu_lab3_3/internal/structs/Queue.go:43.39,46.19 2 1
nstu_lab3_3/internal/structs/Queue.go:46.19,49.3 2 1
nstu_lab3_3/internal/structs/Queue.go:49.8,52.3 2 1
nstu_lab3_3/internal/structs/Queue.go:53.2,53.10 1 1
nstu_lab3_3/internal/structs/Queue.go:56.34,57.20 1 1
nstu_lab3_3/internal/structs/Queue.go:57.20,59.3 1 1
nstu_lab3_3/internal/structs/Queue.go:61.2,64.20 3 1
nstu_lab3_3/internal/structs/Queue.go:64.20,66.3 1 1
nstu_lab3_3/internal/structs/Queue.go:68.2,69.21 2 1
nstu_lab3_3/internal/structs/Queue.go:72.31,73.20 1 1
nstu_lab3_3/internal/structs/Queue.go:73.20,75.3 1 0
nstu_lab3_3/internal/structs/Queue.go:76.2,76.21 1 1
nstu_lab3_3/internal/structs/Queue.go:79.32,81.2 1 1
nstu_lab3_3/internal/structs/Queue.go:83.25,84.21 1 1
nstu_lab3_3/internal/structs/Queue.go:84.21,86.3 1 1
nstu_lab3_3/internal/structs/Queue.go:89.25,90.20 1 1
nstu_lab3_3/internal/structs/Queue.go:90.20,93.3 2 1
nstu_lab3_3/internal/structs/Queue.go:95.2,98.21 3 1
nstu_lab3_3/internal/structs/Queue.go:98.21,101.3 2 1
nstu_lab3_3/internal/structs/Queue.go:103.2,103.42 1 1
nstu_lab3_3/internal/structs/Queue.go:106.33,107.20 1 1
nstu_lab3_3/internal/structs/Queue.go:107.20,109.3 1 1
nstu_lab3_3/internal/structs/Queue.go:111.2,114.21 3 1
nstu_lab3_3/internal/structs/Queue.go:114.21,117.3 2 1
nstu_lab3_3/internal/structs/Queue.go:119.2,119.66 1 1
nstu_lab3_3/internal/structs/Queue.go:123.36,127.21 3 1
nstu_lab3_3/internal/structs/Queue.go:127.21,130.3 2 1
nstu_lab3_3/internal/structs/Queue.go:132.2,132.15 1 1
nstu_lab3_3/internal/structs/Queue.go:136.46,138.32 2 1
nstu_lab3_3/internal/structs/Queue.go:138.32,140.3 1 1
nstu_lab3_3/internal/structs/Queue.go:144.47,157.20 3 1
nstu_lab3_3/internal/structs/Queue.go:157.20,159.3 1 1
nstu_lab3_3/internal/structs/Queue.go:160.2,160.19 1 1
nstu_lab3_3/internal/structs/Queue.go:160.19,162.3 1 1
nstu_lab3_3/internal/structs/Queue.go:164.2,164.32 1 1
nstu_lab3_3/internal/structs/Queue.go:168.50,177.57 3 1
nstu_lab3_3/internal/structs/Queue.go:177.57,179.3 1 0
nstu_lab3_3/internal/structs/Queue.go:181.2,182.12 2 1
nstu_lab3_3/internal/structs/Queue.go:186.42,188.16 2 1
nstu_lab3_3/internal/structs/Queue.go:188.16,190.3 1 0
nstu_lab3_3/internal/structs/Queue.go:191.2,191.27 1 1
nstu_lab3_3/internal/structs/Queue.go:195.48,197.2 1 1
nstu_lab3_3/internal/structs/Queue.go:200.51,202.16 2 1
nstu_lab3_3/internal/structs/Queue.go:202.16,204.3 1 0
nstu_lab3_3/internal/structs/Queue.go:205.2,209.26 4 1
nstu_lab3_3/internal/structs/Queue.go:213.53,215.16 2 1
nstu_lab3_3/internal/structs/Queue.go:215.16,217.3 1 0
nstu_lab3_3/internal/structs/Queue.go:218.2,221.26 3 1
nstu_lab3_3/internal/structs/Queue.go:225.44,229.70 3 1
nstu_lab3_3/internal/structs/Queue.go:229.70,231.3 1 0
nstu_lab3_3/internal/structs/Queue.go:233.2,234.21 2 1
nstu_lab3_3/internal/structs/Queue.go:234.21,238.73 3 1
nstu_lab3_3/internal/structs/Queue.go:238.73,240.4 1 0
nstu_lab3_3/internal/structs/Queue.go:242.3,242.48 1 1
nstu_lab3_3/internal/structs/Queue.go:242.48,244.4 1 0
nstu_lab3_3/internal/structs/Queue.go:246.3,246.25 1 1
nstu_lab3_3/internal/structs/Queue.go:249.2,249.25 1 1
nstu_lab3_3/internal/structs/Queue.go:253.47,257.69 3 1
nstu_lab3_3/internal/structs/Queue.go:257.69,259.3 1 0
nstu_lab3_3/internal/structs/Queue.go:261.2,263.33 2 1
nstu_lab3_3/internal/structs/Queue.go:263.33,265.72 2 1
nstu_lab3_3/internal/structs/Queue.go:265.72,267.4 1 0
nstu_lab3_3/internal/structs/Queue.go:269.3,270.55 2 1
nstu_lab3_3/internal/structs/Queue.go:270.55,272.4 1 0
nstu_lab3_3/internal/structs/Queue.go:274.3,274.30 1 1
nstu_lab3_3/internal/structs/Queue.go:277.2,277.12 1 1
nstu_lab3_3/internal/structs/Queue.go:281.53,283.16 2 1
nstu_lab3_3/internal/structs/Queue.go:283.16,285.3 1 0
nstu_lab3_3/internal/structs/Queue.go:286.2,286.43 1 1
nstu_lab3_3/internal/structs/Queue.go:290.55,292.16 2 1
nstu_lab3_3/internal/structs/Queue.go:292.16,294.3 1 0
nstu_lab3_3/internal/structs/Queue.go:295.2,295.27 1 1
nstu_lab3_3/internal/structs/SinglyLinkedList.go:18.36,23.2 1 1
nstu_lab3_3/internal/structs/SinglyLinkedList.go:29.46,33.2 1 1
nstu_lab3_3/internal/structs/SinglyLinkedList.go:35.53,39.2 3 1
nstu_lab3_3/internal/structs/SinglyLinkedList.go:41.53,44.19 2 1
nstu_lab3_3/internal/structs/SinglyLinkedList.go:44.19,47.3 2 1
nstu_lab3_3/internal/structs/SinglyLinkedList.go:49.2,50.22 2 1
nstu_lab3_3/internal/structs/SinglyLinkedList.go:50.22,52.3 1 1
nstu_lab3_3/internal/structs/SinglyLinkedList.go:53.2,53.20 1 1
nstu_lab3_3/internal/structs/SinglyLinkedList.go:56.74,57.19 1 1
nstu_lab3_3/internal/structs/SinglyLinkedList.go:57.19,59.3 1 1
nstu_lab3_3/internal/structs/SinglyLinkedList.go:61.2,61.26 1 1
nstu_lab3_3/internal/structs/SinglyLinkedList.go:61.26,64.3 2 1
nstu_lab3_3/internal/structs/SinglyLinkedList.go:66.2,67.50 2 1
nstu_lab3_3/internal/structs/SinglyLinkedList.go:67.50,69.3 1 1
nstu_lab3_3/internal/structs/SinglyLinkedList.go:71.2,71.49 1 1
nstu_lab3_3/internal/structs/SinglyLinkedList.go:71.49,76.3 4 1
nstu_lab3_3/internal/structs/SinglyLinkedList.go:78.2,78.89 1 1
nstu_lab3_3/internal/structs/SinglyLinkedList.go:81.73,82.19 1 1
nstu_lab3_3/internal/structs/SinglyLinkedList.go:82.19,84.3 1 1
nstu_lab3_3/internal/structs/SinglyLinkedList.go:86.2,87.40 2 1
nstu_lab3_3/internal/structs/SinglyLinkedList.go:87.40,89.3 1 1
nstu_lab3_3/internal/structs/SinglyLinkedList.go:91.2,91.39 1 1
nstu_lab3_3/internal/structs/SinglyLinkedList.go:91.39,96.3 4 1
nstu_lab3_3/internal/structs/SinglyLinkedList.go:98.2,98.89 1 1
nstu_lab3_3/internal/structs/SinglyLinkedList.go:101.47,102.19 1 1
nstu_lab3_3/internal/structs/SinglyLinkedList.go:102.19,104.3 1 1
nstu_lab3_3/internal/structs/SinglyLinkedList.go:106.2,107.12 2 1
nstu_lab3_3/internal/structs/SinglyLinkedList.go:110.47,111.19 1 1
nstu_lab3_3/internal/structs/SinglyLinkedList.go:111.19,113.3 1 1
nstu_lab3_3/internal/structs/SinglyLinkedList.go:115.2,115.24 1 1
nstu_lab3_3/internal/structs/SinglyLinkedList.go:115.24,118.3 2 1
nstu_lab3_3/internal/structs/SinglyLinkedList.go:120.2,121.48 2 1
nstu_lab3_3/internal/structs/SinglyLinkedList.go:121.48,123.3 1 0
nstu_lab3_3/internal/structs/SinglyLinkedList.go:125.2,126.12 2 1
nstu_lab3_3/internal/structs/SinglyLinkedList.go:129.62,130.41 1 1
nstu_lab3_3/internal/structs/SinglyLinkedList.go:130.41,132.3 1 1
nstu_lab3_3/internal/structs/SinglyLinkedList.go:134.2,134.31 1 1
nstu_lab3_3/internal/structs/SinglyLinkedList.go:134.31,136.3 1 0
nstu_lab3_3/internal/structs/SinglyLinkedList.go:138.2,139.80 2 1
nstu_lab3_3/internal/structs/SinglyLinkedList.go:139.80,141.3 1 0
nstu_lab3_3/internal/structs/SinglyLinkedList.go:143.2,143.79 1 1
nstu_lab3_3/internal/structs/SinglyLinkedList.go:143.79,146.3 2 1
nstu_lab3_3/internal/structs/SinglyLinkedList.go:148.2,148.89 1 1
nstu_lab3_3/internal/structs/SinglyLinkedList.go:151.61,152.19 1 1
nstu_lab3_3/internal/structs/SinglyLinkedList.go:152.19,154.3 1 1
nstu_lab3_3/internal/structs/SinglyLinkedList.go:156.2,157.40 2 1
nstu_lab3_3/internal/structs/SinglyLinkedList.go:157.40,159.3 1 1
nstu_lab3_3/internal/structs/SinglyLinkedList.go:161.2,161.37 1 1
nstu_lab3_3/internal/structs/SinglyLinkedList.go:161.37,164.3 2 1
nstu_lab3_3/internal/structs/SinglyLinkedList.go:166.2,166.37 1 1
nstu_lab3_3/internal/structs/SinglyLinkedList.go:166.37,168.3 1 1
nstu_lab3_3/internal/structs/SinglyLinkedList.go:170.2,170.89 1 1
nstu_lab3_3/internal/structs/SinglyLinkedList.go:173.63,174.19 1 1
nstu_lab3_3/internal/structs/SinglyLinkedList.go:174.19,176.3 1 1
nstu_lab3_3/internal/structs/SinglyLinkedList.go:178.2,178.26 1 1
nstu_lab3_3/internal/structs/SinglyLinkedList.go:178.26,180.3 1 1
nstu_lab3_3/internal/structs/SinglyLinkedList.go:182.2,183.50 2 1
nstu_lab3_3/internal/structs/SinglyLinkedList.go:183.50,185.3 1 0
nstu_lab3_3/internal/structs/SinglyLinkedList.go:187.2,187.49 1 1
nstu_lab3_3/internal/structs/SinglyLinkedList.go:187.49,190.3 2 1
nstu_lab3_3/internal/structs/SinglyLinkedList.go:192.2,192.108 1 1
nstu_lab3_3/internal/structs/SinglyLinkedList.go:195.61,196.19 1 1
nstu_lab3_3/internal/structs/SinglyLinkedList.go:196.19,198.3 1 1
nstu_lab3_3/internal/structs/SinglyLinkedList.go:200.2,203.18 3 1
nstu_lab3_3/internal/structs/SinglyLinkedList.go:203.18,204.25 1 1
nstu_lab3_3/internal/structs/SinglyLinkedList.go:204.25,206.4 1 1
nstu_lab3_3/internal/structs/SinglyLinkedList.go:207.3,208.16 2 1
nstu_lab3_3/internal/structs/SinglyLinkedList.go:210.2,210.11 1 1
nstu_lab3_3/internal/structs/SinglyLinkedList.go:213.41,217.18 3 1
nstu_lab3_3/internal/structs/SinglyLinkedList.go:217.18,220.3 2 1
nstu_lab3_3/internal/structs/SinglyLinkedList.go:221.2,221.14 1 1
nstu_lab3_3/internal/structs/SinglyLinkedList.go:224.43,226.2 1 1
nstu_lab3_3/internal/structs/SinglyLinkedList.go:228.45,229.19 1 1
nstu_lab3_3/internal/structs/SinglyLinkedList.go:229.19,231.3 1 1
nstu_lab3_3/internal/structs/SinglyLinkedList.go:232.2,232.19 1 1
nstu_lab3_3/internal/structs/SinglyLinkedList.go:235.36,236.19 1 1
nstu_lab3_3/internal/structs/SinglyLinkedList.go:236.19,239.3 2 1
nstu_lab3_3/internal/structs/SinglyLinkedList.go:241.2,244.18 3 1
nstu_lab3_3/internal/structs/SinglyLinkedList.go:244.18,247.3 2 1
nstu_lab3_3/internal/structs/SinglyLinkedList.go:249.2,249.42 1 1
nstu_lab3_3/internal/structs/SinglyLinkedList.go:252.44,253.19 1 1
nstu_lab3_3/internal/structs/SinglyLinkedList.go:253.19,255.3 1 1
nstu_lab3_3/internal/structs/SinglyLinkedList.go:257.2,260.18 3 1
nstu_lab3_3/internal/structs/SinglyLinkedList.go:260.18,263.3 2 1
nstu_lab3_3/internal/structs/SinglyLinkedList.go:265.2,265.65 1 1
nstu_lab3_3/internal/structs/SinglyLinkedList.go:268.47,272.18 3 1
nstu_lab3_3/internal/structs/SinglyLinkedList.go:272.18,275.3 2 1
nstu_lab3_3/internal/structs/SinglyLinkedList.go:277.2,277.15 1 1
nstu_lab3_3/internal/structs/SinglyLinkedList.go:280.36,282.2 1 1
nstu_lab3_3/internal/structs/SinglyLinkedList.go:285.58,298.23 4 1
nstu_lab3_3/internal/structs/SinglyLinkedList.go:298.23,300.3 1 1
nstu_lab3_3/internal/structs/SinglyLinkedList.go:302.2,307.19 2 1
nstu_lab3_3/internal/structs/SinglyLinkedList.go:307.19,310.3 2 1
nstu_lab3_3/internal/structs/SinglyLinkedList.go:312.2,312.37 1 1
nstu_lab3_3/internal/structs/SinglyLinkedList.go:316.61,325.62 3 1
nstu_lab3_3/internal/structs/SinglyLinkedList.go:325.62,327.3 1 0
nstu_lab3_3/internal/structs/SinglyLinkedList.go:330.2,331.47 2 1
nstu_lab3_3/internal/structs/SinglyLinkedList.go:331.47,333.3 1 1
nstu_lab3_3/internal/structs/SinglyLinkedList.go:335.2,335.12 1 1
nstu_lab3_3/internal/structs/SinglyLinkedList.go:339.53,341.16 2 1
nstu_lab3_3/internal/structs/SinglyLinkedList.go:341.16,343.3 1 0
nstu_lab3_3/internal/structs/SinglyLinkedList.go:344.2,344.27 1 1
nstu_lab3_3/internal/structs/SinglyLinkedList.go:348.59,350.2 1 1
nstu_lab3_3/internal/structs/SinglyLinkedList.go:353.62,355.16 2 1
nstu_lab3_3/internal/structs/SinglyLinkedList.go:355.16,357.3 1 0
nstu_lab3_3/internal/structs/SinglyLinkedList.go:358.2,362.26 4 1
nstu_lab3_3/internal/structs/SinglyLinkedList.go:366.64,368.16 2 1
nstu_lab3_3/internal/structs/SinglyLinkedList.go:368.16,370.3 1 0
nstu_lab3_3/internal/structs/SinglyLinkedList.go:371.2,374.26 3 1
nstu_lab3_3/internal/structs/SinglyLinkedList.go:378.55,383.70 3 1
nstu_lab3_3/internal/structs/SinglyLinkedList.go:383.70,385.3 1 0
nstu_lab3_3/internal/structs/SinglyLinkedList.go:388.2,389.21 2 1
nstu_lab3_3/internal/structs/SinglyLinkedList.go:389.21,394.73 3 1
nstu_lab3_3/internal/structs/SinglyLinkedList.go:394.73,396.4 1 0
nstu_lab3_3/internal/structs/SinglyLinkedList.go:399.3,399.48 1 1
nstu_lab3_3/internal/structs/SinglyLinkedList.go:399.48,401.4 1 0
nstu_lab3_3/internal/structs/SinglyLinkedList.go:403.3,403.25 1 1
nstu_lab3_3/internal/structs/SinglyLinkedList.go:406.2,406.25 1 1
nstu_lab3_3/internal/structs/SinglyLinkedList.go:410.58,415.69 3 1
nstu_lab3_3/internal/structs/SinglyLinkedList.go:415.69,417.3 1 0
nstu_lab3_3/internal/structs/SinglyLinkedList.go:420.2,423.33 2 1
nstu_lab3_3/internal/structs/SinglyLinkedList.go:423.33,426.72 2 1
nstu_lab3_3/internal/structs/SinglyLinkedList.go:426.72,428.4 1 0
nstu_lab3_3/internal/structs/SinglyLinkedList.go:431.3,432.55 2 1
nstu_lab3_3/internal/structs/SinglyLinkedList.go:432.55,434.4 1 0
nstu_lab3_3/internal/structs/SinglyLinkedList.go:437.3,437.35 1 1
nstu_lab3_3/internal/structs/SinglyLinkedList.go:440.2,440.12 1 1
nstu_lab3_3/internal/structs/SinglyLinkedList.go:444.64,446.16 2 1
nstu_lab3_3/internal/structs/SinglyLinkedList.go:446.16,448.3 1 0
nstu_lab3_3/internal/structs/SinglyLinkedList.go:449.2,449.43 1 1
nstu_lab3_3/internal/structs/SinglyLinkedList.go:453.66,455.16 2 1
nstu_lab3_3/internal/structs/SinglyLinkedList.go:455.16,457.3 1 0
nstu_lab3_3/internal/structs/SinglyLinkedList.go:458.2,458.27 1 1
nstu_lab3_3/internal/structs/Stack.go:18.36,23.2 1 1
nstu_lab3_3/internal/structs/Stack.go:29.24,33.2 1 1
nstu_lab3_3/internal/structs/Stack.go:35.48,39.2 1 1
nstu_lab3_3/internal/structs/Stack.go:41.34,45.2 3 1
nstu_lab3_3/internal/structs/Stack.go:47.30,48.19 1 1
nstu_lab3_3/internal/structs/Stack.go:48.19,50.3 1 1
nstu_lab3_3/internal/structs/Stack.go:52.2,57.19 4 1
nstu_lab3_3/internal/structs/Stack.go:60.30,61.19 1 1
nstu_lab3_3/internal/structs/Stack.go:61.19,63.3 1 1
nstu_lab3_3/internal/structs/Stack.go:64.2,64.19 1 1
nstu_lab3_3/internal/structs/Stack.go:67.32,69.2 1 1
nstu_lab3_3/internal/structs/Stack.go:71.25,75.18 3 1
nstu_lab3_3/internal/structs/Stack.go:75.18,77.23 2 1
nstu_lab3_3/internal/structs/Stack.go:77.23,79.4 1 1
nstu_lab3_3/internal/structs/Stack.go:80.3,80.19 1 1
nstu_lab3_3/internal/structs/Stack.go:82.2,82.27 1 1
nstu_lab3_3/internal/structs/Stack.go:85.33,86.19 1 1
nstu_lab3_3/internal/structs/Stack.go:86.19,88.3 1 1
nstu_lab3_3/internal/structs/Stack.go:90.2,92.18 3 1
nstu_lab3_3/internal/structs/Stack.go:92.18,95.3 2 1
nstu_lab3_3/internal/structs/Stack.go:97.2,97.66 1 1
nstu_lab3_3/internal/structs/Stack.go:101.28,104.18 3 1
nstu_lab3_3/internal/structs/Stack.go:104.18,107.3 2 1
nstu_lab3_3/internal/structs/Stack.go:108.2,108.14 1 1
nstu_lab3_3/internal/structs/Stack.go:112.36,115.18 3 1
nstu_lab3_3/internal/structs/Stack.go:115.18,118.3 2 1
nstu_lab3_3/internal/structs/Stack.go:119.2,119.15 1 1
nstu_lab3_3/internal/structs/Stack.go:123.46,125.42 2 1
nstu_lab3_3/internal/structs/Stack.go:125.42,127.3 1 1
nstu_lab3_3/internal/structs/Stack.go:131.47,143.2 3 1
nstu_lab3_3/internal/structs/Stack.go:146.50,153.57 3 1
nstu_lab3_3/internal/structs/Stack.go:153.57,155.3 1 1
nstu_lab3_3/internal/structs/Stack.go:157.2,158.12 2 1
nstu_lab3_3/internal/structs/Stack.go:162.42,164.16 2 1
nstu_lab3_3/internal/structs/Stack.go:164.16,166.3 1 0
nstu_lab3_3/internal/structs/Stack.go:167.2,167.27 1 1
nstu_lab3_3/internal/structs/Stack.go:171.48,173.2 1 1
nstu_lab3_3/internal/structs/Stack.go:176.51,178.16 2 1
nstu_lab3_3/internal/structs/Stack.go:178.16,180.3 1 0
nstu_lab3_3/internal/structs/Stack.go:181.2,185.26 4 1
nstu_lab3_3/internal/structs/Stack.go:189.53,191.16 2 1
nstu_lab3_3/internal/structs/Stack.go:191.16,193.3 1 1
nstu_lab3_3/internal/structs/Stack.go:194.2,197.26 3 1
nstu_lab3_3/internal/structs/Stack.go:201.44,205.70 3 1
nstu_lab3_3/internal/structs/Stack.go:205.70,207.3 1 0
nstu_lab3_3/internal/structs/Stack.go:209.2,210.18 2 1
nstu_lab3_3/internal/structs/Stack.go:210.18,214.73 3 1
nstu_lab3_3/internal/structs/Stack.go:214.73,216.4 1 0
nstu_lab3_3/internal/structs/Stack.go:218.3,218.48 1 1
nstu_lab3_3/internal/structs/Stack.go:218.48,220.4 1 0
nstu_lab3_3/internal/structs/Stack.go:222.3,222.19 1 1
nstu_lab3_3/internal/structs/Stack.go:225.2,225.25 1 1
nstu_lab3_3/internal/structs/Stack.go:229.47,233.69 3 1
nstu_lab3_3/internal/structs/Stack.go:233.69,235.3 1 1
nstu_lab3_3/internal/structs/Stack.go:237.2,239.33 2 1
nstu_lab3_3/internal/structs/Stack.go:239.33,241.72 2 1
nstu_lab3_3/internal/structs/Stack.go:241.72,242.21 1 1
nstu_lab3_3/internal/structs/Stack.go:242.21,244.5 1 1
nstu_lab3_3/internal/structs/Stack.go:245.4,245.89 1 0
nstu_lab3_3/internal/structs/Stack.go:248.3,249.55 2 1
nstu_lab3_3/internal/structs/Stack.go:249.55,250.51 1 0
nstu_lab3_3/internal/structs/Stack.go:250.51,252.5 1 0
nstu_lab3_3/internal/structs/Stack.go:253.4,253.91 1 0
nstu_lab3_3/internal/structs/Stack.go:256.3,256.48 1 1
nstu_lab3_3/internal/structs/Stack.go:259.2,260.42 2 1
nstu_lab3_3/internal/structs/Stack.go:260.42,262.3 1 1
nstu_lab3_3/internal/structs/Stack.go:264.2,264.12 1 1
nstu_lab3_3/internal/structs/Stack.go:268.53,270.16 2 1
nstu_lab3_3/internal/structs/Stack.go:270.16,272.3 1 0
nstu_lab3_3/internal/structs/Stack.go:273.2,273.43 1 1
nstu_lab3_3/internal/structs/Stack.go:277.55,279.16 2 1
nstu_lab3_3/internal/structs/Stack.go:279.16,281.3 1 1
nstu_lab3_3/internal/structs/Stack.go:282.2,282.27 1 1
